#                                                                                                             --- full sequence --- -------------- this domain -------------   hmm coord   ali coord   env coord
# target name                                         accession   tlen query name           accession   qlen   E-value  score  bias   #  of  c-Evalue  i-Evalue  score  bias  from    to  from    to  from    to  acc description of target
#                                 ------------------- ---------- ----- -------------------- ---------- ----- --------- ------ ----- --- --- --------- --------- ------ ----- ----- ----- ----- ----- ----- ----- ---- ---------------------
40114at40674_9668_0:0045cb|OV277441.1:362818-368009|+ -           1133 40114at40674         -            866  1.7e-295  970.0  42.1   1   8   8.4e-13   2.5e-12   33.1   0.3    64    94    30    60    22    71 0.90 -
40114at40674_9668_0:0045cb|OV277441.1:362818-368009|+ -           1133 40114at40674         -            866  1.7e-295  970.0  42.1   2   8   3.8e-18   1.1e-17   50.7   1.0   138   189   175   227   170   232 0.92 -
40114at40674_9668_0:0045cb|OV277441.1:362818-368009|+ -           1133 40114at40674         -            866  1.7e-295  970.0  42.1   3   8   8.7e-57   2.6e-56  178.6   0.8   190   283   334   427   322   432 0.95 -
40114at40674_9668_0:0045cb|OV277441.1:362818-368009|+ -           1133 40114at40674         -            866  1.7e-295  970.0  42.1   4   8     2e-33     6e-33  101.3   1.0   310   364   617   678   613   685 0.88 -
40114at40674_9668_0:0045cb|OV277441.1:362818-368009|+ -           1133 40114at40674         -            866  1.7e-295  970.0  42.1   5   8   3.8e-27   1.2e-26   80.5   0.0   363   418   703   763   700   767 0.90 -
40114at40674_9668_0:0045cb|OV277441.1:362818-368009|+ -           1133 40114at40674         -            866  1.7e-295  970.0  42.1   6   8   4.1e-54   1.2e-53  169.8   3.3   457   542   768   853   764   865 0.96 -
40114at40674_9668_0:0045cb|OV277441.1:362818-368009|+ -           1133 40114at40674         -            866  1.7e-295  970.0  42.1   7   8   3.3e-78   9.8e-78  249.5   0.0   592   751   870  1035   855  1038 0.93 -
40114at40674_9668_0:0045cb|OV277441.1:362818-368009|+ -           1133 40114at40674         -            866  1.7e-295  970.0  42.1   8   8   3.1e-42   9.2e-42  130.5   0.1   788   866  1052  1130  1044  1130 0.97 -
#
# Program:         hmmsearch
# Version:         3.1b2 (February 2015)
# Pipeline mode:   SEARCH
# Query file:      /var/folders/8l/k3tystcs0wq_kgx6py_rcv640000gq/T/nxf.MjndZRxkri/blobtoolkit.GCA_922984935.2.2023-08-03/lineages/mammalia_odb10/hmms/40114at40674.hmm
# Target file:     /var/folders/8l/k3tystcs0wq_kgx6py_rcv640000gq/T/nxf.MjndZRxkri/GCA_922984935.2-mammalia_odb10-busco/GCA_922984935.2.subset.phiXspike.fasta/run_mammalia_odb10/metaeuk_output/rerun_results/GCA_922984935.2.subset.phiXspike.fasta.modified.fas
# Option settings: hmmsearch --domtblout /var/folders/8l/k3tystcs0wq_kgx6py_rcv640000gq/T/nxf.MjndZRxkri/GCA_922984935.2-mammalia_odb10-busco/GCA_922984935.2.subset.phiXspike.fasta/run_mammalia_odb10/hmmer_output/rerun_results/40114at40674.out --cpu 1 /var/folders/8l/k3tystcs0wq_kgx6py_rcv640000gq/T/nxf.MjndZRxkri/blobtoolkit.GCA_922984935.2.2023-08-03/lineages/mammalia_odb10/hmms/40114at40674.hmm /var/folders/8l/k3tystcs0wq_kgx6py_rcv640000gq/T/nxf.MjndZRxkri/GCA_922984935.2-mammalia_odb10-busco/GCA_922984935.2.subset.phiXspike.fasta/run_mammalia_odb10/metaeuk_output/rerun_results/GCA_922984935.2.subset.phiXspike.fasta.modified.fas 
# Current dir:     /var/folders/8l/k3tystcs0wq_kgx6py_rcv640000gq/T/nxf.MjndZRxkri
# Date:            Wed Jan 29 16:38:46 2025
# [ok]
