#                                                                                                              --- full sequence --- -------------- this domain -------------   hmm coord   ali coord   env coord
# target name                                          accession   tlen query name           accession   qlen   E-value  score  bias   #  of  c-Evalue  i-Evalue  score  bias  from    to  from    to  from    to  acc description of target
#                                  ------------------- ---------- ----- -------------------- ---------- ----- --------- ------ ----- --- --- --------- --------- ------ ----- ----- ----- ----- ----- ----- ----- ---- ---------------------
81734at9347_310752_0:002fa4|OV277441.1:65355-66827|+   -            491 81734at9347          -            539  2.3e-243  797.8 150.9   1   6   2.6e-36     3e-36  114.3  22.9   446   535     5    94     1    95 0.96 -
81734at9347_310752_0:002fa4|OV277441.1:65355-66827|+   -            491 81734at9347          -            539  2.3e-243  797.8 150.9   2   6     4e-43   4.7e-43  136.7  15.9   446   535    89   178    88   179 0.99 -
81734at9347_310752_0:002fa4|OV277441.1:65355-66827|+   -            491 81734at9347          -            539  2.3e-243  797.8 150.9   3   6   5.6e-47   6.6e-47  149.5  16.3   445   535   144   234   142   235 0.98 -
81734at9347_310752_0:002fa4|OV277441.1:65355-66827|+   -            491 81734at9347          -            539  2.3e-243  797.8 150.9   4   6   4.7e-28   5.5e-28   87.0   5.5   472   522   227   277   227   278 0.97 -
81734at9347_310752_0:002fa4|OV277441.1:65355-66827|+   -            491 81734at9347          -            539  2.3e-243  797.8 150.9   5   6   3.8e-40   4.5e-40  126.9  14.2   443   525   254   336   254   337 0.97 -
81734at9347_310752_0:002fa4|OV277441.1:65355-66827|+   -            491 81734at9347          -            539  2.3e-243  797.8 150.9   6   6   1.4e-78   1.6e-78  253.8  36.2   376   537   326   488   325   490 0.98 -
81734at9347_9940_0:00484a|OV277441.1:1000345-1001382|- -            346 81734at9347          -            539  5.1e-145  473.3  78.0   1   2   5.1e-63     6e-63  202.4  32.0   388   537     2   152     1   154 0.97 -
81734at9347_9940_0:00484a|OV277441.1:1000345-1001382|- -            346 81734at9347          -            539  5.1e-145  473.3  78.0   2   2   4.8e-85   5.6e-85  275.1  38.2   343   535   152   346   151   346 0.98 -
81734at9347_9915_0:004527|OV277441.1:154381-155289|-   -            303 81734at9347          -            539  1.3e-144  471.9  92.4   1   3   1.7e-71     2e-71  230.4  32.7   375   536     2   164     1   165 0.98 -
81734at9347_9915_0:004527|OV277441.1:154381-155289|-   -            303 81734at9347          -            539  1.3e-144  471.9  92.4   2   3   4.9e-47   5.7e-47  149.7  21.6   442   536   154   248   154   248 0.99 -
81734at9347_9915_0:004527|OV277441.1:154381-155289|-   -            303 81734at9347          -            539  1.3e-144  471.9  92.4   3   3   1.3e-37   1.5e-37  118.6  22.2   453   535   221   303   221   303 1.00 -
81734at9347_9483_0:00099e|OV277441.1:206177-207034|+   -            286 81734at9347          -            539  7.7e-142  462.8  71.6   1   3   8.8e-35     1e-34  109.2   9.4   469   535     1    67     1    68 0.98 -
81734at9347_9483_0:00099e|OV277441.1:206177-207034|+   -            286 81734at9347          -            539  7.7e-142  462.8  71.6   2   3   8.3e-78   9.7e-78  251.2  34.3   354   535    52   230    52   230 0.97 -
81734at9347_9483_0:00099e|OV277441.1:206177-207034|+   -            286 81734at9347          -            539  7.7e-142  462.8  71.6   3   3   9.1e-41   1.1e-40  129.0  12.0   457   535   208   286   208   286 0.99 -
81734at9347_9938_0:002648|OV277441.1:104102-105271|+   -            390 81734at9347          -            539  1.4e-129  422.3  64.2   1   4      0.04     0.046    1.4   0.1   188   218     2    32     1    56 0.83 -
81734at9347_9938_0:002648|OV277441.1:104102-105271|+   -            390 81734at9347          -            539  1.4e-129  422.3  64.2   2   4   1.4e-75   1.7e-75  243.8  30.3   339   534   103   300    79   300 0.96 -
81734at9347_9938_0:002648|OV277441.1:104102-105271|+   -            390 81734at9347          -            539  1.4e-129  422.3  64.2   3   4   9.2e-34   1.1e-33  105.8  11.5   459   522   281   344   280   345 0.98 -
81734at9347_9938_0:002648|OV277441.1:104102-105271|+   -            390 81734at9347          -            539  1.4e-129  422.3  64.2   4   4   5.1e-32     6e-32  100.1   6.4   454   512   332   390   332   390 0.99 -
81734at9347_9785_0:004c73|OV277441.1:1230423-1231430|- -            336 81734at9347          -            539  8.4e-116  376.8  73.2   1   3   2.3e-37   2.7e-37  117.7  16.2   448   533    81   166    69   166 0.94 -
81734at9347_9785_0:004c73|OV277441.1:1230423-1231430|- -            336 81734at9347          -            539  8.4e-116  376.8  73.2   2   3   9.9e-74   1.2e-73  237.8  35.0   376   535   148   308   147   308 0.99 -
81734at9347_9785_0:004c73|OV277441.1:1230423-1231430|- -            336 81734at9347          -            539  8.4e-116  376.8  73.2   3   3   2.3e-16   2.7e-16   48.4   6.1   501   535   302   336   299   336 0.95 -
#
# Program:         hmmsearch
# Version:         3.1b2 (February 2015)
# Pipeline mode:   SEARCH
# Query file:      /var/folders/8l/k3tystcs0wq_kgx6py_rcv640000gq/T/nxf.tQSpETCjAn/blobtoolkit.GCA_922984935.2.2023-08-03/lineages/eutheria_odb10/hmms/81734at9347.hmm
# Target file:     /var/folders/8l/k3tystcs0wq_kgx6py_rcv640000gq/T/nxf.tQSpETCjAn/GCA_922984935.2-eutheria_odb10-busco/GCA_922984935.2.subset.phiXspike.fasta/run_eutheria_odb10/metaeuk_output/rerun_results/GCA_922984935.2.subset.phiXspike.fasta.modified.fas
# Option settings: hmmsearch --domtblout /var/folders/8l/k3tystcs0wq_kgx6py_rcv640000gq/T/nxf.tQSpETCjAn/GCA_922984935.2-eutheria_odb10-busco/GCA_922984935.2.subset.phiXspike.fasta/run_eutheria_odb10/hmmer_output/rerun_results/81734at9347.out --cpu 1 /var/folders/8l/k3tystcs0wq_kgx6py_rcv640000gq/T/nxf.tQSpETCjAn/blobtoolkit.GCA_922984935.2.2023-08-03/lineages/eutheria_odb10/hmms/81734at9347.hmm /var/folders/8l/k3tystcs0wq_kgx6py_rcv640000gq/T/nxf.tQSpETCjAn/GCA_922984935.2-eutheria_odb10-busco/GCA_922984935.2.subset.phiXspike.fasta/run_eutheria_odb10/metaeuk_output/rerun_results/GCA_922984935.2.subset.phiXspike.fasta.modified.fas 
# Current dir:     /var/folders/8l/k3tystcs0wq_kgx6py_rcv640000gq/T/nxf.tQSpETCjAn
# Date:            Wed Jan 29 16:39:33 2025
# [ok]
