#                                                                                                --- full sequence --- -------------- this domain -------------   hmm coord   ali coord   env coord
# target name                            accession   tlen query name           accession   qlen   E-value  score  bias   #  of  c-Evalue  i-Evalue  score  bias  from    to  from    to  from    to  acc description of target
#                    ------------------- ---------- ----- -------------------- ---------- ----- --------- ------ ----- --- --- --------- --------- ------ ----- ----- ----- ----- ----- ----- ----- ---- ---------------------
1295at33554_2|OV277441.1:475481-483022|+ -           1638 1295at33554          -           1219         0 2268.3  25.6   1   8     7e-28   7.7e-27   82.8   0.5    10    62     1    53     1    65 0.95 -
1295at33554_2|OV277441.1:475481-483022|+ -           1638 1295at33554          -           1219         0 2268.3  25.6   2   8  1.5e-136  1.6e-135  442.7   0.1    57   324    75   346    57   358 0.91 -
1295at33554_2|OV277441.1:475481-483022|+ -           1638 1295at33554          -           1219         0 2268.3  25.6   3   8   3.9e-35   4.2e-34  106.8   0.0   323   387   383   447   369   451 0.86 -
1295at33554_2|OV277441.1:475481-483022|+ -           1638 1295at33554          -           1219         0 2268.3  25.6   4   8   2.7e-15     3e-14   41.1   0.0   385   413   480   508   461   512 0.80 -
1295at33554_2|OV277441.1:475481-483022|+ -           1638 1295at33554          -           1219         0 2268.3  25.6   5   8   1.8e-41     2e-40  127.7   0.0   408   481   527   599   520   602 0.94 -
1295at33554_2|OV277441.1:475481-483022|+ -           1638 1295at33554          -           1219         0 2268.3  25.6   6   8  1.9e-173  2.1e-172  564.9   1.3   480   754   629   931   622   935 0.95 -
1295at33554_2|OV277441.1:475481-483022|+ -           1638 1295at33554          -           1219         0 2268.3  25.6   7   8  4.3e-147  4.7e-146  477.6   0.6   829  1026  1082  1279  1076  1284 0.99 -
1295at33554_2|OV277441.1:475481-483022|+ -           1638 1295at33554          -           1219         0 2268.3  25.6   8   8    1e-132  1.1e-131  430.0   0.0  1025  1210  1306  1491  1299  1497 0.98 -
#
# Program:         hmmsearch
# Version:         3.1b2 (February 2015)
# Pipeline mode:   SEARCH
# Query file:      /var/folders/8l/k3tystcs0wq_kgx6py_rcv640000gq/T/nxf.BXjOGuYMKc/blobtoolkit.GCA_922984935.2.2023-08-03/lineages/carnivora_odb10/hmms/1295at33554.hmm
# Target file:     /var/folders/8l/k3tystcs0wq_kgx6py_rcv640000gq/T/nxf.BXjOGuYMKc/GCA_922984935.2-carnivora_odb10-busco/GCA_922984935.2.subset.phiXspike.fasta/run_carnivora_odb10/metaeuk_output/initial_results/GCA_922984935.2.subset.phiXspike.fasta.modified.fas
# Option settings: hmmsearch --domtblout /var/folders/8l/k3tystcs0wq_kgx6py_rcv640000gq/T/nxf.BXjOGuYMKc/GCA_922984935.2-carnivora_odb10-busco/GCA_922984935.2.subset.phiXspike.fasta/run_carnivora_odb10/hmmer_output/initial_run_results/1295at33554.out --cpu 1 /var/folders/8l/k3tystcs0wq_kgx6py_rcv640000gq/T/nxf.BXjOGuYMKc/blobtoolkit.GCA_922984935.2.2023-08-03/lineages/carnivora_odb10/hmms/1295at33554.hmm /var/folders/8l/k3tystcs0wq_kgx6py_rcv640000gq/T/nxf.BXjOGuYMKc/GCA_922984935.2-carnivora_odb10-busco/GCA_922984935.2.subset.phiXspike.fasta/run_carnivora_odb10/metaeuk_output/initial_results/GCA_922984935.2.subset.phiXspike.fasta.modified.fas 
# Current dir:     /var/folders/8l/k3tystcs0wq_kgx6py_rcv640000gq/T/nxf.BXjOGuYMKc
# Date:            Wed Jan 29 16:40:46 2025
# [ok]
