#                                                                                                                 --- full sequence --- -------------- this domain -------------   hmm coord   ali coord   env coord
# target name                                             accession   tlen query name           accession   qlen   E-value  score  bias   #  of  c-Evalue  i-Evalue  score  bias  from    to  from    to  from    to  acc description of target
#                                     ------------------- ---------- ----- -------------------- ---------- ----- --------- ------ ----- --- --- --------- --------- ------ ----- ----- ----- ----- ----- ----- ----- ---- ---------------------
279227at7742_259920_0:000d3e|OV277441.1:1000441-1000911|- -            157 279227at7742         -            268   5.6e-57  183.0  42.4   1   5   5.3e-23   1.3e-22   70.4   4.8    93   162     1    66     1    71 0.93 -
279227at7742_259920_0:000d3e|OV277441.1:1000441-1000911|- -            157 279227at7742         -            268   5.6e-57  183.0  42.4   2   5   1.7e-19   4.1e-19   58.9   6.7    93   155    29    89    29    92 0.95 -
279227at7742_259920_0:000d3e|OV277441.1:1000441-1000911|- -            157 279227at7742         -            268   5.6e-57  183.0  42.4   3   5   2.3e-13   5.6e-13   38.8   3.7    96   153    60   115    60   115 0.94 -
279227at7742_259920_0:000d3e|OV277441.1:1000441-1000911|- -            157 279227at7742         -            268   5.6e-57  183.0  42.4   4   5     2e-17     5e-17   52.1   3.6    92   152    84   142    82   143 0.96 -
279227at7742_259920_0:000d3e|OV277441.1:1000441-1000911|- -            157 279227at7742         -            268   5.6e-57  183.0  42.4   5   5   0.00078    0.0019    7.5   0.1   125   139   143   157   142   157 0.88 -
279227at7742_74940_0:0039f6|OV277441.1:105110-105601|+    -            164 279227at7742         -            268   2.1e-52  168.0  28.8   1   4     4e-22   9.8e-22   67.5   2.9    93   152     1    58     1    59 0.98 -
279227at7742_74940_0:0039f6|OV277441.1:105110-105601|+    -            164 279227at7742         -            268   2.1e-52  168.0  28.8   2   4   3.9e-10   9.6e-10   28.2   0.0   126   152    60    86    58    87 0.97 -
279227at7742_74940_0:0039f6|OV277441.1:105110-105601|+    -            164 279227at7742         -            268   2.1e-52  168.0  28.8   3   4   2.4e-19   5.8e-19   58.4   3.2    93   153    85   143    84   143 0.97 -
279227at7742_74940_0:0039f6|OV277441.1:105110-105601|+    -            164 279227at7742         -            268   2.1e-52  168.0  28.8   4   4   1.3e-15   3.1e-15   46.1   4.0    93   145   113   163   112   164 0.97 -
279227at7742_8078_0:003dc6|OV277441.1:206699-207202|+     -            168 279227at7742         -            268   5.9e-48  153.5  26.2   1   4   3.1e-20   7.4e-20   61.3   7.8    92   153     7    66     7    66 0.98 -
279227at7742_8078_0:003dc6|OV277441.1:206699-207202|+     -            168 279227at7742         -            268   5.9e-48  153.5  26.2   2   4   2.3e-11   5.6e-11   32.2   0.1   125   152    66    93    65    94 0.95 -
279227at7742_8078_0:003dc6|OV277441.1:206699-207202|+     -            168 279227at7742         -            268   5.9e-48  153.5  26.2   3   4   3.3e-17   7.9e-17   51.4   3.1    96   153    95   150    95   150 0.97 -
279227at7742_8078_0:003dc6|OV277441.1:206699-207202|+     -            168 279227at7742         -            268   5.9e-48  153.5  26.2   4   4   4.8e-10   1.2e-09   27.9   1.1    96   143   123   168   123   168 0.91 -
279227at7742_240206_0:0029c4|OV277441.1:139630-140115|+   -            162 279227at7742         -            268   4.6e-42  134.1  30.7   1   4   1.3e-20   3.2e-20   62.5   5.9    92   153     1    60     1    60 0.96 -
279227at7742_240206_0:0029c4|OV277441.1:139630-140115|+   -            162 279227at7742         -            268   4.6e-42  134.1  30.7   2   4   5.6e-09   1.4e-08   24.4   2.1   125   161    60    94    57    95 0.86 -
279227at7742_240206_0:0029c4|OV277441.1:139630-140115|+   -            162 279227at7742         -            268   4.6e-42  134.1  30.7   3   4   5.6e-20   1.4e-19   60.5   6.6    93   153    86   144    85   146 0.95 -
279227at7742_240206_0:0029c4|OV277441.1:139630-140115|+   -            162 279227at7742         -            268   4.6e-42  134.1  30.7   4   4     0.011     0.026    3.8   0.7   125   143   144   162   141   162 0.80 -
279227at7742_61853_0:0001b6|OV277441.1:65640-65990|+      -            117 279227at7742         -            268   1.5e-35  112.8  13.1   1   3     3e-12   7.2e-12   35.1   1.1   115   154     1    38     1    39 0.94 -
279227at7742_61853_0:0001b6|OV277441.1:65640-65990|+      -            117 279227at7742         -            268   1.5e-35  112.8  13.1   2   3   5.7e-23   1.4e-22   70.3   5.3    93   155    35    95    33    96 0.96 -
279227at7742_61853_0:0001b6|OV277441.1:65640-65990|+      -            117 279227at7742         -            268   1.5e-35  112.8  13.1   3   3   2.1e-07   5.2e-07   19.2   0.1   125   149    93   117    92   117 0.95 -
279227at7742_176946_0:003475|OV277441.1:1230822-1231316|- -            165 279227at7742         -            268   2.1e-30   95.9  21.8   1   3      0.19      0.47   -0.3   0.2    54    73    33    52    20    54 0.79 -
279227at7742_176946_0:003475|OV277441.1:1230822-1231316|- -            165 279227at7742         -            268   2.1e-30   95.9  21.8   2   3   4.6e-18   1.1e-17   54.2   9.7    92   154    53   113    43   114 0.94 -
279227at7742_176946_0:003475|OV277441.1:1230822-1231316|- -            165 279227at7742         -            268   2.1e-30   95.9  21.8   3   3   2.5e-16   6.2e-16   48.5   5.7    93   149   110   164   110   165 0.97 -
66052at7742_34882_0:001864|OV277441.1:7705091-7856150|+   -           1239 279227at7742         -            268   1.1e-19   60.8  66.3   1   7   8.2e-13     2e-12   37.0  13.1    92   179   267   351   259   386 0.72 -
66052at7742_34882_0:001864|OV277441.1:7705091-7856150|+   -           1239 279227at7742         -            268   1.1e-19   60.8  66.3   2   7    0.0004   0.00098    8.5   2.6    92   163   400   465   381   476 0.84 -
66052at7742_34882_0:001864|OV277441.1:7705091-7856150|+   -           1239 279227at7742         -            268   1.1e-19   60.8  66.3   3   7    0.0029     0.007    5.7   2.6    77   128   722   771   694   786 0.71 -
66052at7742_34882_0:001864|OV277441.1:7705091-7856150|+   -           1239 279227at7742         -            268   1.1e-19   60.8  66.3   4   7     0.001    0.0024    7.2   0.9    86   141   787   844   775   851 0.81 -
66052at7742_34882_0:001864|OV277441.1:7705091-7856150|+   -           1239 279227at7742         -            268   1.1e-19   60.8  66.3   5   7    0.0023    0.0057    6.0   0.2   115   156   870   910   862   914 0.78 -
66052at7742_34882_0:001864|OV277441.1:7705091-7856150|+   -           1239 279227at7742         -            268   1.1e-19   60.8  66.3   6   7   2.1e-09     5e-09   25.8   6.0    92   153   904   964   903   972 0.91 -
66052at7742_34882_0:001864|OV277441.1:7705091-7856150|+   -           1239 279227at7742         -            268   1.1e-19   60.8  66.3   7   7     0.041     0.099    1.9   5.2   126   179   965  1023   962  1102 0.79 -
#
# Program:         hmmsearch
# Version:         3.1b2 (February 2015)
# Pipeline mode:   SEARCH
# Query file:      /var/folders/8l/k3tystcs0wq_kgx6py_rcv640000gq/T/nxf.61LHJsNYh9/blobtoolkit.GCA_922984935.2.2023-08-03/lineages/vertebrata_odb10/hmms/279227at7742.hmm
# Target file:     /var/folders/8l/k3tystcs0wq_kgx6py_rcv640000gq/T/nxf.61LHJsNYh9/GCA_922984935.2-vertebrata_odb10-busco/GCA_922984935.2.subset.phiXspike.fasta/run_vertebrata_odb10/metaeuk_output/initial_results/GCA_922984935.2.subset.phiXspike.fasta.modified.fas
# Option settings: hmmsearch --domtblout /var/folders/8l/k3tystcs0wq_kgx6py_rcv640000gq/T/nxf.61LHJsNYh9/GCA_922984935.2-vertebrata_odb10-busco/GCA_922984935.2.subset.phiXspike.fasta/run_vertebrata_odb10/hmmer_output/initial_run_results/279227at7742.out --cpu 1 /var/folders/8l/k3tystcs0wq_kgx6py_rcv640000gq/T/nxf.61LHJsNYh9/blobtoolkit.GCA_922984935.2.2023-08-03/lineages/vertebrata_odb10/hmms/279227at7742.hmm /var/folders/8l/k3tystcs0wq_kgx6py_rcv640000gq/T/nxf.61LHJsNYh9/GCA_922984935.2-vertebrata_odb10-busco/GCA_922984935.2.subset.phiXspike.fasta/run_vertebrata_odb10/metaeuk_output/initial_results/GCA_922984935.2.subset.phiXspike.fasta.modified.fas 
# Current dir:     /var/folders/8l/k3tystcs0wq_kgx6py_rcv640000gq/T/nxf.61LHJsNYh9
# Date:            Wed Jan 29 16:40:05 2025
# [ok]
