#                                                                                                                 --- full sequence --- -------------- this domain -------------   hmm coord   ali coord   env coord
# target name                                             accession   tlen query name           accession   qlen   E-value  score  bias   #  of  c-Evalue  i-Evalue  score  bias  from    to  from    to  from    to  acc description of target
#                                     ------------------- ---------- ----- -------------------- ---------- ----- --------- ------ ----- --- --- --------- --------- ------ ----- ----- ----- ----- ----- ----- ----- ---- ---------------------
66052at7742_34882_0:001864|OV277441.1:7705091-7856150|+   -           1239 66052at7742          -            906         0 1632.4  61.5   1   3   1.3e-25   3.1e-25   78.3   0.0     1    64     4    82     4    90 0.85 -
66052at7742_34882_0:001864|OV277441.1:7705091-7856150|+   -           1239 66052at7742          -            906         0 1632.4  61.5   2   3  1.7e-190  4.1e-190  623.9  25.0    62   408   107   503    98   507 0.89 -
66052at7742_34882_0:001864|OV277441.1:7705091-7856150|+   -           1239 66052at7742          -            906         0 1632.4  61.5   3   3  7.7e-284  1.9e-283  932.7  25.7   408   906   706  1224   698  1224 0.96 -
279227at7742_74940_0:0039f6|OV277441.1:105110-105601|+    -            164 66052at7742          -            906   4.4e-32  100.9  32.1   1   3   4.7e-17   1.2e-16   49.9   7.3   576   665     1    88     1    89 0.91 -
279227at7742_74940_0:0039f6|OV277441.1:105110-105601|+    -            164 66052at7742          -            906   4.4e-32  100.9  32.1   2   3   3.7e-12   8.9e-12   33.7   4.0   178   237    56   116    54   117 0.91 -
279227at7742_74940_0:0039f6|OV277441.1:105110-105601|+    -            164 66052at7742          -            906   4.4e-32  100.9  32.1   3   3   1.1e-14   2.6e-14   42.1   5.0   176   255    82   161    80   164 0.79 -
279227at7742_8078_0:003dc6|OV277441.1:206699-207202|+     -            168 66052at7742          -            906   2.5e-27   85.2  19.6   1   3   1.2e-12     3e-12   35.3   6.0   175   237     4    67     1    68 0.94 -
279227at7742_8078_0:003dc6|OV277441.1:206699-207202|+     -            168 66052at7742          -            906   2.5e-27   85.2  19.6   2   3   4.7e-15   1.1e-14   43.3   3.0   177   237    62   123    60   125 0.96 -
279227at7742_8078_0:003dc6|OV277441.1:206699-207202|+     -            168 66052at7742          -            906   2.5e-27   85.2  19.6   3   3   5.1e-09   1.2e-08   23.3   0.9   572   622   116   165   115   168 0.85 -
279227at7742_240206_0:0029c4|OV277441.1:139630-140115|+   -            162 66052at7742          -            906   3.3e-26   81.5  21.5   1   3   5.7e-12   1.4e-11   33.1   4.0   179   237     2    61     1    61 0.96 -
279227at7742_240206_0:0029c4|OV277441.1:139630-140115|+   -            162 66052at7742          -            906   3.3e-26   81.5  21.5   2   3   1.3e-11   3.2e-11   31.9   3.4   177   231    56   110    54   111 0.96 -
279227at7742_240206_0:0029c4|OV277441.1:139630-140115|+   -            162 66052at7742          -            906   3.3e-26   81.5  21.5   3   3     2e-11   4.9e-11   31.3   1.7   177   227   112   162   110   162 0.86 -
279227at7742_259920_0:000d3e|OV277441.1:1000441-1000911|- -            157 66052at7742          -            906   3.5e-26   81.4  27.9   1   3   3.3e-14     8e-14   40.5   2.4   179   237     1    60     1    62 0.97 -
279227at7742_259920_0:000d3e|OV277441.1:1000441-1000911|- -            157 66052at7742          -            906   3.5e-26   81.4  27.9   2   3   2.4e-11   5.8e-11   31.0   3.1   182   237    32    88    31    88 0.94 -
279227at7742_259920_0:000d3e|OV277441.1:1000441-1000911|- -            157 66052at7742          -            906   3.5e-26   81.4  27.9   3   3   2.6e-12   6.2e-12   34.3   7.0   175   248    81   155    81   157 0.92 -
279227at7742_61853_0:0001b6|OV277441.1:65640-65990|+      -            117 66052at7742          -            906   8.5e-25   76.8   8.3   1   2   2.3e-17   5.6e-17   51.0   3.2   176   238     4    67     2    69 0.96 -
279227at7742_61853_0:0001b6|OV277441.1:65640-65990|+      -            117 66052at7742          -            906   8.5e-25   76.8   8.3   2   2   1.7e-12   4.2e-12   34.8   1.3   177   231    61   115    59   117 0.78 -
279227at7742_176946_0:003475|OV277441.1:1230822-1231316|- -            165 66052at7742          -            906   1.4e-17   53.0  12.5   1   2     2e-12   4.8e-12   34.6   7.1   302   382    43   126    36   127 0.78 -
279227at7742_176946_0:003475|OV277441.1:1230822-1231316|- -            165 66052at7742          -            906   1.4e-17   53.0  12.5   2   2   4.1e-11   9.9e-11   30.3   1.8   177   231   108   162   106   164 0.96 -
#
# Program:         hmmsearch
# Version:         3.1b2 (February 2015)
# Pipeline mode:   SEARCH
# Query file:      /var/folders/8l/k3tystcs0wq_kgx6py_rcv640000gq/T/nxf.61LHJsNYh9/blobtoolkit.GCA_922984935.2.2023-08-03/lineages/vertebrata_odb10/hmms/66052at7742.hmm
# Target file:     /var/folders/8l/k3tystcs0wq_kgx6py_rcv640000gq/T/nxf.61LHJsNYh9/GCA_922984935.2-vertebrata_odb10-busco/GCA_922984935.2.subset.phiXspike.fasta/run_vertebrata_odb10/metaeuk_output/initial_results/GCA_922984935.2.subset.phiXspike.fasta.modified.fas
# Option settings: hmmsearch --domtblout /var/folders/8l/k3tystcs0wq_kgx6py_rcv640000gq/T/nxf.61LHJsNYh9/GCA_922984935.2-vertebrata_odb10-busco/GCA_922984935.2.subset.phiXspike.fasta/run_vertebrata_odb10/hmmer_output/initial_run_results/66052at7742.out --cpu 1 /var/folders/8l/k3tystcs0wq_kgx6py_rcv640000gq/T/nxf.61LHJsNYh9/blobtoolkit.GCA_922984935.2.2023-08-03/lineages/vertebrata_odb10/hmms/66052at7742.hmm /var/folders/8l/k3tystcs0wq_kgx6py_rcv640000gq/T/nxf.61LHJsNYh9/GCA_922984935.2-vertebrata_odb10-busco/GCA_922984935.2.subset.phiXspike.fasta/run_vertebrata_odb10/metaeuk_output/initial_results/GCA_922984935.2.subset.phiXspike.fasta.modified.fas 
# Current dir:     /var/folders/8l/k3tystcs0wq_kgx6py_rcv640000gq/T/nxf.61LHJsNYh9
# Date:            Wed Jan 29 16:40:05 2025
# [ok]
