#                                                                                                               --- full sequence --- -------------- this domain -------------   hmm coord   ali coord   env coord
# target name                                           accession   tlen query name           accession   qlen   E-value  score  bias   #  of  c-Evalue  i-Evalue  score  bias  from    to  from    to  from    to  acc description of target
#                                   ------------------- ---------- ----- -------------------- ---------- ----- --------- ------ ----- --- --- --------- --------- ------ ----- ----- ----- ----- ----- ----- ----- ---- ---------------------
12560at9347_34882_0:001864|OV277441.1:7705091-7856150|+ -           1239 12560at9347          -            979         0 2105.4  48.1   1   3   1.1e-36   2.5e-36  115.0   1.0     1    70     7    81     7    92 0.92 -
12560at9347_34882_0:001864|OV277441.1:7705091-7856150|+ -           1239 12560at9347          -            979         0 2105.4  48.1   2   3  9.7e-261  2.2e-260  856.6  17.1    60   451   100   510    95   520 0.97 -
12560at9347_34882_0:001864|OV277441.1:7705091-7856150|+ -           1239 12560at9347          -            979         0 2105.4  48.1   3   3         0         0 1144.8  15.2   464   979   703  1221   677  1221 0.98 -
81734at9347_310752_0:002fa4|OV277441.1:65355-66827|+    -            491 12560at9347          -            979   1.6e-70  228.2  73.0   1   9   5.9e-08   1.4e-07   19.9   1.3   232   271     9    49     2    50 0.69 -
81734at9347_310752_0:002fa4|OV277441.1:65355-66827|+    -            491 12560at9347          -            979   1.6e-70  228.2  73.0   2   9   3.4e-10   7.8e-10   27.3   8.4   212   271    45   105    42   105 0.95 -
81734at9347_310752_0:002fa4|OV277441.1:65355-66827|+    -            491 12560at9347          -            979   1.6e-70  228.2  73.0   3   9   5.3e-14   1.2e-13   40.0   3.0   211   271   100   161    98   162 0.96 -
81734at9347_310752_0:002fa4|OV277441.1:65355-66827|+    -            491 12560at9347          -            979   1.6e-70  228.2  73.0   4   9   6.2e-14   1.4e-13   39.7   4.4   211   284   156   230   154   231 0.95 -
81734at9347_310752_0:002fa4|OV277441.1:65355-66827|+    -            491 12560at9347          -            979   1.6e-70  228.2  73.0   5   9   3.9e-12   8.9e-12   33.8   2.7   211   265   212   266   210   268 0.96 -
81734at9347_310752_0:002fa4|OV277441.1:65355-66827|+    -            491 12560at9347          -            979   1.6e-70  228.2  73.0   6   9   6.6e-13   1.5e-12   36.3   4.3   211   274   268   332   266   335 0.95 -
81734at9347_310752_0:002fa4|OV277441.1:65355-66827|+    -            491 12560at9347          -            979   1.6e-70  228.2  73.0   7   9   3.2e-10   7.3e-10   27.5   2.8   211   271   324   385   322   385 0.93 -
81734at9347_310752_0:002fa4|OV277441.1:65355-66827|+    -            491 12560at9347          -            979   1.6e-70  228.2  73.0   8   9   2.7e-13   6.3e-13   37.6   4.4   211   271   380   441   378   441 0.96 -
81734at9347_310752_0:002fa4|OV277441.1:65355-66827|+    -            491 12560at9347          -            979   1.6e-70  228.2  73.0   9   9   1.1e-11   2.4e-11   32.3   2.2   211   265   436   490   434   491 0.96 -
81734at9347_9915_0:004527|OV277441.1:154381-155289|-    -            303 12560at9347          -            979   2.7e-47  151.3  47.0   1   6   1.4e-11   3.3e-11   31.9   4.4   213   271     3    62     1    62 0.93 -
81734at9347_9915_0:004527|OV277441.1:154381-155289|-    -            303 12560at9347          -            979   2.7e-47  151.3  47.0   2   6   1.3e-08     3e-08   22.1   0.6   211   245    57    91    55    98 0.92 -
81734at9347_9915_0:004527|OV277441.1:154381-155289|-    -            303 12560at9347          -            979   2.7e-47  151.3  47.0   3   6   7.6e-13   1.7e-12   36.1   2.0   213   271    87   146    87   147 0.96 -
81734at9347_9915_0:004527|OV277441.1:154381-155289|-    -            303 12560at9347          -            979   2.7e-47  151.3  47.0   4   6   1.6e-14   3.6e-14   41.7   3.9   210   271   140   202   139   203 0.96 -
81734at9347_9915_0:004527|OV277441.1:154381-155289|-    -            303 12560at9347          -            979   2.7e-47  151.3  47.0   5   6   2.8e-12   6.5e-12   34.2   7.4   211   271   197   258   195   259 0.94 -
81734at9347_9915_0:004527|OV277441.1:154381-155289|-    -            303 12560at9347          -            979   2.7e-47  151.3  47.0   6   6   3.8e-09   8.8e-09   23.9   3.9   211   261   253   303   251   303 0.94 -
81734at9347_9940_0:00484a|OV277441.1:1000345-1001382|-  -            346 12560at9347          -            979   2.5e-45  144.8  79.1   1   7   1.1e-15   2.5e-15   45.5   7.6   649   772     1   122     1   127 0.95 -
81734at9347_9940_0:00484a|OV277441.1:1000345-1001382|-  -            346 12560at9347          -            979   2.5e-45  144.8  79.1   2   7   7.1e-08   1.6e-07   19.7   1.0   211   263   100   152   100   156 0.88 -
81734at9347_9940_0:00484a|OV277441.1:1000345-1001382|-  -            346 12560at9347          -            979   2.5e-45  144.8  79.1   3   7     6e-11   1.4e-10   29.8   3.8   211   272   128   190   126   199 0.92 -
81734at9347_9940_0:00484a|OV277441.1:1000345-1001382|-  -            346 12560at9347          -            979   2.5e-45  144.8  79.1   4   7   9.1e-13   2.1e-12   35.9   3.7   206   271   151   217   149   217 0.96 -
81734at9347_9940_0:00484a|OV277441.1:1000345-1001382|-  -            346 12560at9347          -            979   2.5e-45  144.8  79.1   5   7   9.9e-12   2.3e-11   32.4   3.3   211   271   184   245   182   245 0.95 -
81734at9347_9940_0:00484a|OV277441.1:1000345-1001382|-  -            346 12560at9347          -            979   2.5e-45  144.8  79.1   6   7   2.7e-11   6.1e-11   31.0   8.2   211   284   212   286   210   291 0.94 -
81734at9347_9940_0:00484a|OV277441.1:1000345-1001382|-  -            346 12560at9347          -            979   2.5e-45  144.8  79.1   7   7   3.8e-11   8.7e-11   30.5   4.8   209   275   266   333   263   346 0.89 -
81734at9347_9483_0:00099e|OV277441.1:206177-207034|+    -            286 12560at9347          -            979   9.7e-41  129.6  30.2   1   4   9.6e-10   2.2e-09   25.9   0.4   226   265     4    43     2    45 0.96 -
81734at9347_9483_0:00099e|OV277441.1:206177-207034|+    -            286 12560at9347          -            979   9.7e-41  129.6  30.2   2   4   1.9e-10   4.4e-10   28.2   0.5   211   265    73   127    72   129 0.97 -
81734at9347_9483_0:00099e|OV277441.1:206177-207034|+    -            286 12560at9347          -            979   9.7e-41  129.6  30.2   3   4   1.2e-14   2.8e-14   42.1   4.7   209   280   150   222   137   224 0.88 -
81734at9347_9483_0:00099e|OV277441.1:206177-207034|+    -            286 12560at9347          -            979   9.7e-41  129.6  30.2   4   4   4.6e-13   1.1e-12   36.8   4.2   210   289   207   286   206   286 0.89 -
81734at9347_9785_0:004c73|OV277441.1:1230423-1231430|-  -            336 12560at9347          -            979   1.7e-40  128.8  62.4   1   6   6.5e-12   1.5e-11   33.0   4.2   196   271    75   151    45   152 0.90 -
81734at9347_9785_0:004c73|OV277441.1:1230423-1231430|-  -            336 12560at9347          -            979   1.7e-40  128.8  62.4   2   6   3.3e-09   7.6e-09   24.1   3.2   216   271   123   179   123   181 0.91 -
81734at9347_9785_0:004c73|OV277441.1:1230423-1231430|-  -            336 12560at9347          -            979   1.7e-40  128.8  62.4   3   6   5.3e-13   1.2e-12   36.6   9.4   211   312   146   248   144   249 0.97 -
81734at9347_9785_0:004c73|OV277441.1:1230423-1231430|-  -            336 12560at9347          -            979   1.7e-40  128.8  62.4   4   6     3e-11   6.8e-11   30.9   3.0   211   272   202   264   200   268 0.95 -
81734at9347_9785_0:004c73|OV277441.1:1230423-1231430|-  -            336 12560at9347          -            979   1.7e-40  128.8  62.4   5   6   1.7e-13   3.8e-13   38.3   0.7   211   276   230   298   229   302 0.91 -
81734at9347_9785_0:004c73|OV277441.1:1230423-1231430|-  -            336 12560at9347          -            979   1.7e-40  128.8  62.4   6   6   1.8e-11     4e-11   31.6   3.7   211   289   258   336   258   336 0.90 -
81734at9347_9938_0:002648|OV277441.1:104102-105271|+    -            390 12560at9347          -            979   1.2e-36  116.1  32.7   1   5   1.8e-07   4.1e-07   18.4   0.1   688   757   107   175   102   179 0.92 -
81734at9347_9938_0:002648|OV277441.1:104102-105271|+    -            390 12560at9347          -            979   1.2e-36  116.1  32.7   2   5   5.7e-12   1.3e-11   33.2   5.4   206   271   162   228   159   229 0.95 -
81734at9347_9938_0:002648|OV277441.1:104102-105271|+    -            390 12560at9347          -            979   1.2e-36  116.1  32.7   3   5   9.1e-12   2.1e-11   32.6   3.5   211   271   223   284   221   285 0.95 -
81734at9347_9938_0:002648|OV277441.1:104102-105271|+    -            390 12560at9347          -            979   1.2e-36  116.1  32.7   4   5   1.8e-12   4.2e-12   34.9   4.6   211   271   279   340   277   341 0.95 -
81734at9347_9938_0:002648|OV277441.1:104102-105271|+    -            390 12560at9347          -            979   1.2e-36  116.1  32.7   5   5   8.3e-12   1.9e-11   32.7   1.4   211   265   335   389   333   390 0.97 -
#
# Program:         hmmsearch
# Version:         3.1b2 (February 2015)
# Pipeline mode:   SEARCH
# Query file:      /var/folders/8l/k3tystcs0wq_kgx6py_rcv640000gq/T/nxf.tQSpETCjAn/blobtoolkit.GCA_922984935.2.2023-08-03/lineages/eutheria_odb10/hmms/12560at9347.hmm
# Target file:     /var/folders/8l/k3tystcs0wq_kgx6py_rcv640000gq/T/nxf.tQSpETCjAn/GCA_922984935.2-eutheria_odb10-busco/GCA_922984935.2.subset.phiXspike.fasta/run_eutheria_odb10/metaeuk_output/initial_results/GCA_922984935.2.subset.phiXspike.fasta.modified.fas
# Option settings: hmmsearch --domtblout /var/folders/8l/k3tystcs0wq_kgx6py_rcv640000gq/T/nxf.tQSpETCjAn/GCA_922984935.2-eutheria_odb10-busco/GCA_922984935.2.subset.phiXspike.fasta/run_eutheria_odb10/hmmer_output/initial_run_results/12560at9347.out --cpu 1 /var/folders/8l/k3tystcs0wq_kgx6py_rcv640000gq/T/nxf.tQSpETCjAn/blobtoolkit.GCA_922984935.2.2023-08-03/lineages/eutheria_odb10/hmms/12560at9347.hmm /var/folders/8l/k3tystcs0wq_kgx6py_rcv640000gq/T/nxf.tQSpETCjAn/GCA_922984935.2-eutheria_odb10-busco/GCA_922984935.2.subset.phiXspike.fasta/run_eutheria_odb10/metaeuk_output/initial_results/GCA_922984935.2.subset.phiXspike.fasta.modified.fas 
# Current dir:     /var/folders/8l/k3tystcs0wq_kgx6py_rcv640000gq/T/nxf.tQSpETCjAn
# Date:            Wed Jan 29 16:39:17 2025
# [ok]
