#                                                                                                             --- full sequence --- -------------- this domain -------------   hmm coord   ali coord   env coord
# target name                                         accession   tlen query name           accession   qlen   E-value  score  bias   #  of  c-Evalue  i-Evalue  score  bias  from    to  from    to  from    to  acc description of target
#                                 ------------------- ---------- ----- -------------------- ---------- ----- --------- ------ ----- --- --- --------- --------- ------ ----- ----- ----- ----- ----- ----- ----- ---- ---------------------
9640at9347_291302_0:0034da|OV277441.1:470398-483022|+ -           1717 9640at9347           -            999         0 1737.9  37.6   1  11     2e-16   3.2e-15   44.7   0.1     1    39    57    98    57   112 0.92 -
9640at9347_291302_0:0034da|OV277441.1:470398-483022|+ -           1717 9640at9347           -            999         0 1737.9  37.6   2  11  2.3e-125  3.6e-124  405.3   1.0    38   254   148   400   143   412 0.92 -
9640at9347_291302_0:0034da|OV277441.1:470398-483022|+ -           1717 9640at9347           -            999         0 1737.9  37.6   3  11   2.7e-33   4.3e-32  100.5   0.0   255   318   437   512   433   516 0.90 -
9640at9347_291302_0:0034da|OV277441.1:470398-483022|+ -           1717 9640at9347           -            999         0 1737.9  37.6   4  11     6e-15   9.6e-14   39.8   0.0   316   344   545   573   527   577 0.82 -
9640at9347_291302_0:0034da|OV277441.1:470398-483022|+ -           1717 9640at9347           -            999         0 1737.9  37.6   5  11   1.7e-18   2.7e-17   51.5   0.0   340   374   593   626   586   631 0.90 -
9640at9347_291302_0:0034da|OV277441.1:470398-483022|+ -           1717 9640at9347           -            999         0 1737.9  37.6   6  11   1.3e-06   2.1e-05   12.2   0.0   373   391   648   666   640   671 0.86 -
9640at9347_291302_0:0034da|OV277441.1:470398-483022|+ -           1717 9640at9347           -            999         0 1737.9  37.6   7  11   6.8e-66   1.1e-64  208.4   3.8   387   505   689   834   682   850 0.90 -
9640at9347_291302_0:0034da|OV277441.1:470398-483022|+ -           1717 9640at9347           -            999         0 1737.9  37.6   8  11   7.1e-45   1.1e-43  138.9   0.0   505   597   868   980   863   988 0.86 -
9640at9347_291302_0:0034da|OV277441.1:470398-483022|+ -           1717 9640at9347           -            999         0 1737.9  37.6   9  11  5.6e-140    9e-139  453.7   0.7   646   838  1147  1344  1142  1349 0.98 -
9640at9347_291302_0:0034da|OV277441.1:470398-483022|+ -           1717 9640at9347           -            999         0 1737.9  37.6  10  11   2.5e-82     4e-81  262.8   0.0   837   975  1371  1519  1365  1527 0.94 -
9640at9347_291302_0:0034da|OV277441.1:470398-483022|+ -           1717 9640at9347           -            999         0 1737.9  37.6  11  11   2.4e-11   3.9e-10   27.9   0.1   975   999  1542  1566  1531  1566 0.94 -
#
# Program:         hmmsearch
# Version:         3.1b2 (February 2015)
# Pipeline mode:   SEARCH
# Query file:      /var/folders/8l/k3tystcs0wq_kgx6py_rcv640000gq/T/nxf.tQSpETCjAn/blobtoolkit.GCA_922984935.2.2023-08-03/lineages/eutheria_odb10/hmms/9640at9347.hmm
# Target file:     /var/folders/8l/k3tystcs0wq_kgx6py_rcv640000gq/T/nxf.tQSpETCjAn/GCA_922984935.2-eutheria_odb10-busco/GCA_922984935.2.subset.phiXspike.fasta/run_eutheria_odb10/metaeuk_output/initial_results/GCA_922984935.2.subset.phiXspike.fasta.modified.fas
# Option settings: hmmsearch --domtblout /var/folders/8l/k3tystcs0wq_kgx6py_rcv640000gq/T/nxf.tQSpETCjAn/GCA_922984935.2-eutheria_odb10-busco/GCA_922984935.2.subset.phiXspike.fasta/run_eutheria_odb10/hmmer_output/initial_run_results/9640at9347.out --cpu 1 /var/folders/8l/k3tystcs0wq_kgx6py_rcv640000gq/T/nxf.tQSpETCjAn/blobtoolkit.GCA_922984935.2.2023-08-03/lineages/eutheria_odb10/hmms/9640at9347.hmm /var/folders/8l/k3tystcs0wq_kgx6py_rcv640000gq/T/nxf.tQSpETCjAn/GCA_922984935.2-eutheria_odb10-busco/GCA_922984935.2.subset.phiXspike.fasta/run_eutheria_odb10/metaeuk_output/initial_results/GCA_922984935.2.subset.phiXspike.fasta.modified.fas 
# Current dir:     /var/folders/8l/k3tystcs0wq_kgx6py_rcv640000gq/T/nxf.tQSpETCjAn
# Date:            Wed Jan 29 16:39:18 2025
# [ok]
