#                                                                                                              --- full sequence --- -------------- this domain -------------   hmm coord   ali coord   env coord
# target name                                          accession   tlen query name           accession   qlen   E-value  score  bias   #  of  c-Evalue  i-Evalue  score  bias  from    to  from    to  from    to  acc description of target
#                                  ------------------- ---------- ----- -------------------- ---------- ----- --------- ------ ----- --- --- --------- --------- ------ ----- ----- ----- ----- ----- ----- ----- ---- ---------------------
13368at314145_9668_0:0045cb|OV277441.1:362818-368009|+ -           1123 13368at314145        -           1038         0 1293.4  53.9   1   7   6.9e-29     9e-28   86.5   1.0   117   213     5   123     1   149 0.72 -
13368at314145_9668_0:0045cb|OV277441.1:362818-368009|+ -           1123 13368at314145        -           1038         0 1293.4  53.9   2   7   2.1e-36   2.7e-35  111.3   0.3   234   317   178   264   161   273 0.85 -
13368at314145_9668_0:0045cb|OV277441.1:362818-368009|+ -           1123 13368at314145        -           1038         0 1293.4  53.9   3   7   2.1e-64   2.7e-63  204.1   2.4   316   420   350   454   319   459 0.94 -
13368at314145_9668_0:0045cb|OV277441.1:362818-368009|+ -           1123 13368at314145        -           1038         0 1293.4  53.9   4   7     2e-35   2.6e-34  108.1   1.5   445   503   531   593   526   601 0.89 -
13368at314145_9668_0:0045cb|OV277441.1:362818-368009|+ -           1123 13368at314145        -           1038         0 1293.4  53.9   5   7  1.4e-151  1.8e-150  492.7  11.4   501   766   617   905   614   907 0.93 -
13368at314145_9668_0:0045cb|OV277441.1:362818-368009|+ -           1123 13368at314145        -           1038         0 1293.4  53.9   6   7   9.5e-52   1.2e-50  162.1   0.0   808   917   907  1025   905  1028 0.93 -
13368at314145_9668_0:0045cb|OV277441.1:362818-368009|+ -           1123 13368at314145        -           1038         0 1293.4  53.9   7   7     1e-49   1.4e-48  155.4   0.7   957  1038  1042  1123  1031  1123 0.97 -
#
# Program:         hmmsearch
# Version:         3.1b2 (February 2015)
# Pipeline mode:   SEARCH
# Query file:      /var/folders/8l/k3tystcs0wq_kgx6py_rcv640000gq/T/nxf.Zwa1bNzYBT/blobtoolkit.GCA_922984935.2.2023-08-03/lineages/laurasiatheria_odb10/hmms/13368at314145.hmm
# Target file:     /var/folders/8l/k3tystcs0wq_kgx6py_rcv640000gq/T/nxf.Zwa1bNzYBT/GCA_922984935.2-laurasiatheria_odb10-busco/GCA_922984935.2.subset.phiXspike.fasta/run_laurasiatheria_odb10/metaeuk_output/initial_results/GCA_922984935.2.subset.phiXspike.fasta.modified.fas
# Option settings: hmmsearch --domtblout /var/folders/8l/k3tystcs0wq_kgx6py_rcv640000gq/T/nxf.Zwa1bNzYBT/GCA_922984935.2-laurasiatheria_odb10-busco/GCA_922984935.2.subset.phiXspike.fasta/run_laurasiatheria_odb10/hmmer_output/initial_run_results/13368at314145.out --cpu 1 /var/folders/8l/k3tystcs0wq_kgx6py_rcv640000gq/T/nxf.Zwa1bNzYBT/blobtoolkit.GCA_922984935.2.2023-08-03/lineages/laurasiatheria_odb10/hmms/13368at314145.hmm /var/folders/8l/k3tystcs0wq_kgx6py_rcv640000gq/T/nxf.Zwa1bNzYBT/GCA_922984935.2-laurasiatheria_odb10-busco/GCA_922984935.2.subset.phiXspike.fasta/run_laurasiatheria_odb10/metaeuk_output/initial_results/GCA_922984935.2.subset.phiXspike.fasta.modified.fas 
# Current dir:     /var/folders/8l/k3tystcs0wq_kgx6py_rcv640000gq/T/nxf.Zwa1bNzYBT
# Date:            Wed Jan 29 16:39:17 2025
# [ok]
